[2023-10-23T10:15:48.299+0000] {processor.py:157} INFO - Started process (PID=77) to work on /opt/airflow/dags/second_dag_stub.py
[2023-10-23T10:15:48.300+0000] {processor.py:829} INFO - Processing file /opt/airflow/dags/second_dag_stub.py for tasks to queue
[2023-10-23T10:15:48.304+0000] {logging_mixin.py:151} INFO - [2023-10-23T10:15:48.303+0000] {dagbag.py:539} INFO - Filling up the DagBag from /opt/airflow/dags/second_dag_stub.py
[2023-10-23T10:15:49.074+0000] {processor.py:839} INFO - DAG(s) dict_keys(['second_dag_stub']) retrieved from /opt/airflow/dags/second_dag_stub.py
[2023-10-23T10:15:49.359+0000] {logging_mixin.py:151} INFO - [2023-10-23T10:15:49.358+0000] {manager.py:499} INFO - Created Permission View: %s
[2023-10-23T10:15:49.387+0000] {logging_mixin.py:151} INFO - [2023-10-23T10:15:49.386+0000] {manager.py:499} INFO - Created Permission View: %s
[2023-10-23T10:15:49.415+0000] {logging_mixin.py:151} INFO - [2023-10-23T10:15:49.414+0000] {manager.py:499} INFO - Created Permission View: %s
[2023-10-23T10:15:49.417+0000] {logging_mixin.py:151} INFO - [2023-10-23T10:15:49.416+0000] {security.py:708} INFO - Not syncing DAG-level permissions for DAG 'DAG:second_dag_stub' as access control is unset.
[2023-10-23T10:15:49.418+0000] {logging_mixin.py:151} INFO - [2023-10-23T10:15:49.417+0000] {dag.py:2915} INFO - Sync 1 DAGs
[2023-10-23T10:15:49.447+0000] {logging_mixin.py:151} WARNING - /home/airflow/.local/lib/python3.8/site-packages/airflow/models/dag.py:3452 DeprecationWarning: The dag_concurrency option in [core] has been renamed to max_active_tasks_per_dag - the old setting has been used, but please update your config.
[2023-10-23T10:15:49.450+0000] {logging_mixin.py:151} INFO - [2023-10-23T10:15:49.450+0000] {dag.py:2937} INFO - Creating ORM DAG for second_dag_stub
[2023-10-23T10:15:49.478+0000] {logging_mixin.py:151} INFO - [2023-10-23T10:15:49.476+0000] {dag.py:3696} INFO - Setting next_dagrun for second_dag_stub to 2023-10-22T10:15:49.475956+00:00, run_after=2023-10-23T10:15:49.475956+00:00
[2023-10-23T10:15:49.514+0000] {processor.py:179} INFO - Processing /opt/airflow/dags/second_dag_stub.py took 1.221 seconds
[2023-10-23T10:16:22.116+0000] {processor.py:157} INFO - Started process (PID=99) to work on /opt/airflow/dags/second_dag_stub.py
[2023-10-23T10:16:22.118+0000] {processor.py:829} INFO - Processing file /opt/airflow/dags/second_dag_stub.py for tasks to queue
[2023-10-23T10:16:22.120+0000] {logging_mixin.py:151} INFO - [2023-10-23T10:16:22.120+0000] {dagbag.py:539} INFO - Filling up the DagBag from /opt/airflow/dags/second_dag_stub.py
[2023-10-23T10:16:22.450+0000] {processor.py:839} INFO - DAG(s) dict_keys(['second_dag_stub']) retrieved from /opt/airflow/dags/second_dag_stub.py
[2023-10-23T10:16:22.484+0000] {logging_mixin.py:151} INFO - [2023-10-23T10:16:22.483+0000] {dag.py:2915} INFO - Sync 1 DAGs
[2023-10-23T10:16:22.510+0000] {logging_mixin.py:151} INFO - [2023-10-23T10:16:22.510+0000] {dag.py:3696} INFO - Setting next_dagrun for second_dag_stub to 2023-10-22T10:16:22.509782+00:00, run_after=2023-10-23T10:16:22.509782+00:00
[2023-10-23T10:16:22.531+0000] {processor.py:179} INFO - Processing /opt/airflow/dags/second_dag_stub.py took 0.419 seconds
[2023-10-23T10:16:54.472+0000] {processor.py:157} INFO - Started process (PID=129) to work on /opt/airflow/dags/second_dag_stub.py
[2023-10-23T10:16:54.485+0000] {processor.py:829} INFO - Processing file /opt/airflow/dags/second_dag_stub.py for tasks to queue
[2023-10-23T10:16:54.488+0000] {logging_mixin.py:151} INFO - [2023-10-23T10:16:54.488+0000] {dagbag.py:539} INFO - Filling up the DagBag from /opt/airflow/dags/second_dag_stub.py
[2023-10-23T10:16:55.483+0000] {processor.py:839} INFO - DAG(s) dict_keys(['second_dag_stub']) retrieved from /opt/airflow/dags/second_dag_stub.py
[2023-10-23T10:16:55.555+0000] {logging_mixin.py:151} INFO - [2023-10-23T10:16:55.554+0000] {dag.py:2915} INFO - Sync 1 DAGs
[2023-10-23T10:16:55.600+0000] {logging_mixin.py:151} INFO - [2023-10-23T10:16:55.600+0000] {dag.py:3696} INFO - Setting next_dagrun for second_dag_stub to 2023-10-22T10:16:55.599658+00:00, run_after=2023-10-23T10:16:55.599658+00:00
[2023-10-23T10:16:55.636+0000] {processor.py:179} INFO - Processing /opt/airflow/dags/second_dag_stub.py took 1.170 seconds
[2023-10-23T10:17:25.847+0000] {processor.py:157} INFO - Started process (PID=152) to work on /opt/airflow/dags/second_dag_stub.py
[2023-10-23T10:17:26.407+0000] {processor.py:829} INFO - Processing file /opt/airflow/dags/second_dag_stub.py for tasks to queue
[2023-10-23T10:17:26.410+0000] {logging_mixin.py:151} INFO - [2023-10-23T10:17:26.409+0000] {dagbag.py:539} INFO - Filling up the DagBag from /opt/airflow/dags/second_dag_stub.py
[2023-10-23T10:17:27.064+0000] {processor.py:839} INFO - DAG(s) dict_keys(['second_dag_stub']) retrieved from /opt/airflow/dags/second_dag_stub.py
[2023-10-23T10:17:27.139+0000] {logging_mixin.py:151} INFO - [2023-10-23T10:17:27.139+0000] {dag.py:2915} INFO - Sync 1 DAGs
[2023-10-23T10:17:27.209+0000] {logging_mixin.py:151} INFO - [2023-10-23T10:17:27.209+0000] {dag.py:3696} INFO - Setting next_dagrun for second_dag_stub to 2023-10-22T10:17:27.208702+00:00, run_after=2023-10-23T10:17:27.208702+00:00
[2023-10-23T10:17:27.243+0000] {processor.py:179} INFO - Processing /opt/airflow/dags/second_dag_stub.py took 1.404 seconds
[2023-10-23T10:17:57.381+0000] {processor.py:157} INFO - Started process (PID=174) to work on /opt/airflow/dags/second_dag_stub.py
[2023-10-23T10:17:57.382+0000] {processor.py:829} INFO - Processing file /opt/airflow/dags/second_dag_stub.py for tasks to queue
[2023-10-23T10:17:57.386+0000] {logging_mixin.py:151} INFO - [2023-10-23T10:17:57.385+0000] {dagbag.py:539} INFO - Filling up the DagBag from /opt/airflow/dags/second_dag_stub.py
[2023-10-23T10:17:57.841+0000] {processor.py:839} INFO - DAG(s) dict_keys(['second_dag_stub']) retrieved from /opt/airflow/dags/second_dag_stub.py
[2023-10-23T10:17:57.878+0000] {logging_mixin.py:151} INFO - [2023-10-23T10:17:57.877+0000] {dag.py:2915} INFO - Sync 1 DAGs
[2023-10-23T10:17:57.910+0000] {logging_mixin.py:151} INFO - [2023-10-23T10:17:57.910+0000] {dag.py:3696} INFO - Setting next_dagrun for second_dag_stub to 2023-10-22T10:17:57.909987+00:00, run_after=2023-10-23T10:17:57.909987+00:00
[2023-10-23T10:17:57.935+0000] {processor.py:179} INFO - Processing /opt/airflow/dags/second_dag_stub.py took 0.560 seconds
[2023-10-23T10:18:28.119+0000] {processor.py:157} INFO - Started process (PID=196) to work on /opt/airflow/dags/second_dag_stub.py
[2023-10-23T10:18:28.120+0000] {processor.py:829} INFO - Processing file /opt/airflow/dags/second_dag_stub.py for tasks to queue
[2023-10-23T10:18:28.123+0000] {logging_mixin.py:151} INFO - [2023-10-23T10:18:28.123+0000] {dagbag.py:539} INFO - Filling up the DagBag from /opt/airflow/dags/second_dag_stub.py
[2023-10-23T10:18:28.582+0000] {processor.py:839} INFO - DAG(s) dict_keys(['second_dag_stub']) retrieved from /opt/airflow/dags/second_dag_stub.py
[2023-10-23T10:18:28.620+0000] {logging_mixin.py:151} INFO - [2023-10-23T10:18:28.620+0000] {dag.py:2915} INFO - Sync 1 DAGs
[2023-10-23T10:18:28.656+0000] {logging_mixin.py:151} INFO - [2023-10-23T10:18:28.655+0000] {dag.py:3696} INFO - Setting next_dagrun for second_dag_stub to 2023-10-22T10:18:28.655578+00:00, run_after=2023-10-23T10:18:28.655578+00:00
[2023-10-23T10:18:28.692+0000] {processor.py:179} INFO - Processing /opt/airflow/dags/second_dag_stub.py took 0.578 seconds
[2023-10-23T10:18:58.881+0000] {processor.py:157} INFO - Started process (PID=227) to work on /opt/airflow/dags/second_dag_stub.py
[2023-10-23T10:18:58.883+0000] {processor.py:829} INFO - Processing file /opt/airflow/dags/second_dag_stub.py for tasks to queue
[2023-10-23T10:18:58.888+0000] {logging_mixin.py:151} INFO - [2023-10-23T10:18:58.886+0000] {dagbag.py:539} INFO - Filling up the DagBag from /opt/airflow/dags/second_dag_stub.py
[2023-10-23T10:18:59.417+0000] {processor.py:839} INFO - DAG(s) dict_keys(['second_dag_stub']) retrieved from /opt/airflow/dags/second_dag_stub.py
[2023-10-23T10:18:59.473+0000] {logging_mixin.py:151} INFO - [2023-10-23T10:18:59.473+0000] {dag.py:2915} INFO - Sync 1 DAGs
[2023-10-23T10:18:59.510+0000] {logging_mixin.py:151} INFO - [2023-10-23T10:18:59.510+0000] {dag.py:3696} INFO - Setting next_dagrun for second_dag_stub to 2023-10-22T10:18:59.510202+00:00, run_after=2023-10-23T10:18:59.510202+00:00
[2023-10-23T10:18:59.534+0000] {processor.py:179} INFO - Processing /opt/airflow/dags/second_dag_stub.py took 0.658 seconds
[2023-10-23T10:19:29.826+0000] {processor.py:157} INFO - Started process (PID=249) to work on /opt/airflow/dags/second_dag_stub.py
[2023-10-23T10:19:29.827+0000] {processor.py:829} INFO - Processing file /opt/airflow/dags/second_dag_stub.py for tasks to queue
[2023-10-23T10:19:29.830+0000] {logging_mixin.py:151} INFO - [2023-10-23T10:19:29.830+0000] {dagbag.py:539} INFO - Filling up the DagBag from /opt/airflow/dags/second_dag_stub.py
[2023-10-23T10:19:30.233+0000] {processor.py:839} INFO - DAG(s) dict_keys(['second_dag_stub']) retrieved from /opt/airflow/dags/second_dag_stub.py
[2023-10-23T10:19:30.270+0000] {logging_mixin.py:151} INFO - [2023-10-23T10:19:30.269+0000] {dag.py:2915} INFO - Sync 1 DAGs
[2023-10-23T10:19:30.302+0000] {logging_mixin.py:151} INFO - [2023-10-23T10:19:30.302+0000] {dag.py:3696} INFO - Setting next_dagrun for second_dag_stub to 2023-10-22T10:19:30.302401+00:00, run_after=2023-10-23T10:19:30.302401+00:00
[2023-10-23T10:19:30.326+0000] {processor.py:179} INFO - Processing /opt/airflow/dags/second_dag_stub.py took 0.505 seconds
[2023-10-23T10:20:01.997+0000] {processor.py:157} INFO - Started process (PID=279) to work on /opt/airflow/dags/second_dag_stub.py
[2023-10-23T10:20:01.998+0000] {processor.py:829} INFO - Processing file /opt/airflow/dags/second_dag_stub.py for tasks to queue
[2023-10-23T10:20:02.000+0000] {logging_mixin.py:151} INFO - [2023-10-23T10:20:02.000+0000] {dagbag.py:539} INFO - Filling up the DagBag from /opt/airflow/dags/second_dag_stub.py
[2023-10-23T10:20:02.495+0000] {processor.py:839} INFO - DAG(s) dict_keys(['second_dag_stub']) retrieved from /opt/airflow/dags/second_dag_stub.py
[2023-10-23T10:20:02.543+0000] {logging_mixin.py:151} INFO - [2023-10-23T10:20:02.542+0000] {dag.py:2915} INFO - Sync 1 DAGs
[2023-10-23T10:20:02.578+0000] {logging_mixin.py:151} INFO - [2023-10-23T10:20:02.577+0000] {dag.py:3696} INFO - Setting next_dagrun for second_dag_stub to 2023-10-22T10:20:02.577594+00:00, run_after=2023-10-23T10:20:02.577594+00:00
[2023-10-23T10:20:02.601+0000] {processor.py:179} INFO - Processing /opt/airflow/dags/second_dag_stub.py took 0.609 seconds
[2023-10-23T10:20:33.271+0000] {processor.py:157} INFO - Started process (PID=301) to work on /opt/airflow/dags/second_dag_stub.py
[2023-10-23T10:20:33.272+0000] {processor.py:829} INFO - Processing file /opt/airflow/dags/second_dag_stub.py for tasks to queue
[2023-10-23T10:20:33.275+0000] {logging_mixin.py:151} INFO - [2023-10-23T10:20:33.275+0000] {dagbag.py:539} INFO - Filling up the DagBag from /opt/airflow/dags/second_dag_stub.py
[2023-10-23T10:20:33.657+0000] {processor.py:839} INFO - DAG(s) dict_keys(['second_dag_stub']) retrieved from /opt/airflow/dags/second_dag_stub.py
[2023-10-23T10:20:33.687+0000] {logging_mixin.py:151} INFO - [2023-10-23T10:20:33.686+0000] {dag.py:2915} INFO - Sync 1 DAGs
[2023-10-23T10:20:33.708+0000] {logging_mixin.py:151} INFO - [2023-10-23T10:20:33.708+0000] {dag.py:3696} INFO - Setting next_dagrun for second_dag_stub to 2023-10-22T10:20:33.708351+00:00, run_after=2023-10-23T10:20:33.708351+00:00
[2023-10-23T10:20:33.735+0000] {processor.py:179} INFO - Processing /opt/airflow/dags/second_dag_stub.py took 0.472 seconds
[2023-10-23T10:21:07.894+0000] {processor.py:157} INFO - Started process (PID=334) to work on /opt/airflow/dags/second_dag_stub.py
[2023-10-23T10:21:07.896+0000] {processor.py:829} INFO - Processing file /opt/airflow/dags/second_dag_stub.py for tasks to queue
[2023-10-23T10:21:07.908+0000] {logging_mixin.py:151} INFO - [2023-10-23T10:21:07.907+0000] {dagbag.py:539} INFO - Filling up the DagBag from /opt/airflow/dags/second_dag_stub.py
[2023-10-23T10:21:08.578+0000] {processor.py:839} INFO - DAG(s) dict_keys(['second_dag_stub']) retrieved from /opt/airflow/dags/second_dag_stub.py
[2023-10-23T10:21:08.652+0000] {logging_mixin.py:151} INFO - [2023-10-23T10:21:08.650+0000] {dag.py:2915} INFO - Sync 1 DAGs
[2023-10-23T10:21:08.739+0000] {logging_mixin.py:151} INFO - [2023-10-23T10:21:08.739+0000] {dag.py:3696} INFO - Setting next_dagrun for second_dag_stub to 2023-10-22T10:21:08.737546+00:00, run_after=2023-10-23T10:21:08.737546+00:00
[2023-10-23T10:21:08.781+0000] {processor.py:179} INFO - Processing /opt/airflow/dags/second_dag_stub.py took 0.903 seconds
[2023-10-23T10:21:39.551+0000] {processor.py:157} INFO - Started process (PID=362) to work on /opt/airflow/dags/second_dag_stub.py
[2023-10-23T10:21:39.553+0000] {processor.py:829} INFO - Processing file /opt/airflow/dags/second_dag_stub.py for tasks to queue
[2023-10-23T10:21:39.557+0000] {logging_mixin.py:151} INFO - [2023-10-23T10:21:39.557+0000] {dagbag.py:539} INFO - Filling up the DagBag from /opt/airflow/dags/second_dag_stub.py
[2023-10-23T10:21:40.419+0000] {processor.py:839} INFO - DAG(s) dict_keys(['second_dag_stub']) retrieved from /opt/airflow/dags/second_dag_stub.py
[2023-10-23T10:21:40.462+0000] {logging_mixin.py:151} INFO - [2023-10-23T10:21:40.461+0000] {dag.py:2915} INFO - Sync 1 DAGs
[2023-10-23T10:21:40.497+0000] {logging_mixin.py:151} INFO - [2023-10-23T10:21:40.497+0000] {dag.py:3696} INFO - Setting next_dagrun for second_dag_stub to 2023-10-22T10:21:40.496856+00:00, run_after=2023-10-23T10:21:40.496856+00:00
[2023-10-23T10:21:40.526+0000] {processor.py:179} INFO - Processing /opt/airflow/dags/second_dag_stub.py took 0.989 seconds
[2023-10-23T10:22:11.303+0000] {processor.py:157} INFO - Started process (PID=396) to work on /opt/airflow/dags/second_dag_stub.py
[2023-10-23T10:22:11.307+0000] {processor.py:829} INFO - Processing file /opt/airflow/dags/second_dag_stub.py for tasks to queue
[2023-10-23T10:22:11.309+0000] {logging_mixin.py:151} INFO - [2023-10-23T10:22:11.309+0000] {dagbag.py:539} INFO - Filling up the DagBag from /opt/airflow/dags/second_dag_stub.py
[2023-10-23T10:22:11.652+0000] {processor.py:839} INFO - DAG(s) dict_keys(['second_dag_stub']) retrieved from /opt/airflow/dags/second_dag_stub.py
[2023-10-23T10:22:11.685+0000] {logging_mixin.py:151} INFO - [2023-10-23T10:22:11.684+0000] {dag.py:2915} INFO - Sync 1 DAGs
[2023-10-23T10:22:11.714+0000] {logging_mixin.py:151} INFO - [2023-10-23T10:22:11.713+0000] {dag.py:3696} INFO - Setting next_dagrun for second_dag_stub to 2023-10-22T10:22:11.713572+00:00, run_after=2023-10-23T10:22:11.713572+00:00
[2023-10-23T10:22:11.737+0000] {processor.py:179} INFO - Processing /opt/airflow/dags/second_dag_stub.py took 0.439 seconds
[2023-10-23T10:22:42.662+0000] {processor.py:157} INFO - Started process (PID=420) to work on /opt/airflow/dags/second_dag_stub.py
[2023-10-23T10:22:42.663+0000] {processor.py:829} INFO - Processing file /opt/airflow/dags/second_dag_stub.py for tasks to queue
[2023-10-23T10:22:42.666+0000] {logging_mixin.py:151} INFO - [2023-10-23T10:22:42.665+0000] {dagbag.py:539} INFO - Filling up the DagBag from /opt/airflow/dags/second_dag_stub.py
[2023-10-23T10:22:42.977+0000] {processor.py:839} INFO - DAG(s) dict_keys(['second_dag_stub']) retrieved from /opt/airflow/dags/second_dag_stub.py
[2023-10-23T10:22:43.005+0000] {logging_mixin.py:151} INFO - [2023-10-23T10:22:43.004+0000] {dag.py:2915} INFO - Sync 1 DAGs
[2023-10-23T10:22:43.025+0000] {logging_mixin.py:151} INFO - [2023-10-23T10:22:43.025+0000] {dag.py:3696} INFO - Setting next_dagrun for second_dag_stub to 2023-10-22T10:22:43.025069+00:00, run_after=2023-10-23T10:22:43.025069+00:00
[2023-10-23T10:22:43.044+0000] {processor.py:179} INFO - Processing /opt/airflow/dags/second_dag_stub.py took 0.387 seconds
[2023-10-23T10:23:14.893+0000] {processor.py:157} INFO - Started process (PID=453) to work on /opt/airflow/dags/second_dag_stub.py
[2023-10-23T10:23:14.895+0000] {processor.py:829} INFO - Processing file /opt/airflow/dags/second_dag_stub.py for tasks to queue
[2023-10-23T10:23:14.900+0000] {logging_mixin.py:151} INFO - [2023-10-23T10:23:14.900+0000] {dagbag.py:539} INFO - Filling up the DagBag from /opt/airflow/dags/second_dag_stub.py
[2023-10-23T10:23:15.368+0000] {processor.py:839} INFO - DAG(s) dict_keys(['second_dag_stub']) retrieved from /opt/airflow/dags/second_dag_stub.py
[2023-10-23T10:23:15.401+0000] {logging_mixin.py:151} INFO - [2023-10-23T10:23:15.400+0000] {dag.py:2915} INFO - Sync 1 DAGs
[2023-10-23T10:23:15.426+0000] {logging_mixin.py:151} INFO - [2023-10-23T10:23:15.426+0000] {dag.py:3696} INFO - Setting next_dagrun for second_dag_stub to 2023-10-22T10:23:15.426209+00:00, run_after=2023-10-23T10:23:15.426209+00:00
[2023-10-23T10:23:15.449+0000] {processor.py:179} INFO - Processing /opt/airflow/dags/second_dag_stub.py took 0.567 seconds
[2023-10-23T10:23:45.790+0000] {processor.py:157} INFO - Started process (PID=477) to work on /opt/airflow/dags/second_dag_stub.py
[2023-10-23T10:23:45.791+0000] {processor.py:829} INFO - Processing file /opt/airflow/dags/second_dag_stub.py for tasks to queue
[2023-10-23T10:23:45.793+0000] {logging_mixin.py:151} INFO - [2023-10-23T10:23:45.792+0000] {dagbag.py:539} INFO - Filling up the DagBag from /opt/airflow/dags/second_dag_stub.py
[2023-10-23T10:23:46.106+0000] {processor.py:839} INFO - DAG(s) dict_keys(['second_dag_stub']) retrieved from /opt/airflow/dags/second_dag_stub.py
[2023-10-23T10:23:46.134+0000] {logging_mixin.py:151} INFO - [2023-10-23T10:23:46.133+0000] {dag.py:2915} INFO - Sync 1 DAGs
[2023-10-23T10:23:46.153+0000] {logging_mixin.py:151} INFO - [2023-10-23T10:23:46.153+0000] {dag.py:3696} INFO - Setting next_dagrun for second_dag_stub to 2023-10-22T10:23:46.153577+00:00, run_after=2023-10-23T10:23:46.153577+00:00
[2023-10-23T10:23:46.173+0000] {processor.py:179} INFO - Processing /opt/airflow/dags/second_dag_stub.py took 0.386 seconds
