[2023-10-23T10:15:42.247+0000] {manager.py:487} INFO - Processing files using up to 2 processes at a time 
[2023-10-23T10:15:42.248+0000] {manager.py:488} INFO - Process each file at most once every 30 seconds
[2023-10-23T10:15:42.248+0000] {manager.py:489} INFO - Checking for new files in /opt/airflow/dags every 300 seconds
[2023-10-23T10:15:42.249+0000] {manager.py:759} INFO - Searching for files in /opt/airflow/dags
[2023-10-23T10:15:42.266+0000] {manager.py:762} INFO - There are 3 files in /opt/airflow/dags
[2023-10-23T10:15:43.213+0000] {manager.py:893} INFO - 
================================================================================
DAG File Processing Stats

File Path                               PID  Runtime      # DAGs    # Errors  Last Runtime    Last Run
------------------------------------  -----  ---------  --------  ----------  --------------  ----------
/opt/airflow/dags/dag.py                 74  0.70s             0           0
/opt/airflow/dags/assgnement_dag.py      73  0.74s             0           0
/opt/airflow/dags/second_dag_stub.py                           0           0
================================================================================
[2023-10-23T10:16:14.068+0000] {manager.py:893} INFO - 
================================================================================
DAG File Processing Stats

File Path                             PID    Runtime      # DAGs    # Errors  Last Runtime    Last Run
------------------------------------  -----  ---------  --------  ----------  --------------  -------------------
/opt/airflow/dags/dag.py                                       1           0  5.77s           2023-10-23T10:15:48
/opt/airflow/dags/assgnement_dag.py                            1           0  5.94s           2023-10-23T10:15:48
/opt/airflow/dags/second_dag_stub.py                           1           0  1.25s           2023-10-23T10:15:49
================================================================================
[2023-10-23T10:16:45.286+0000] {manager.py:893} INFO - 
================================================================================
DAG File Processing Stats

File Path                             PID    Runtime      # DAGs    # Errors  Last Runtime    Last Run
------------------------------------  -----  ---------  --------  ----------  --------------  -------------------
/opt/airflow/dags/dag.py                                       1           0  2.87s           2023-10-23T10:16:22
/opt/airflow/dags/assgnement_dag.py                            1           0  2.94s           2023-10-23T10:16:22
/opt/airflow/dags/second_dag_stub.py                           1           0  0.44s           2023-10-23T10:16:22
================================================================================
[2023-10-23T10:17:15.584+0000] {manager.py:893} INFO - 
================================================================================
DAG File Processing Stats

File Path                             PID    Runtime      # DAGs    # Errors  Last Runtime    Last Run
------------------------------------  -----  ---------  --------  ----------  --------------  -------------------
/opt/airflow/dags/dag.py                                       1           0  2.12s           2023-10-23T10:16:54
/opt/airflow/dags/assgnement_dag.py                            1           0  2.11s           2023-10-23T10:16:54
/opt/airflow/dags/second_dag_stub.py                           1           0  1.21s           2023-10-23T10:16:55
================================================================================
[2023-10-23T10:17:45.958+0000] {manager.py:893} INFO - 
================================================================================
DAG File Processing Stats

File Path                             PID    Runtime      # DAGs    # Errors  Last Runtime    Last Run
------------------------------------  -----  ---------  --------  ----------  --------------  -------------------
/opt/airflow/dags/dag.py                                       1           0  1.00s           2023-10-23T10:17:25
/opt/airflow/dags/assgnement_dag.py                            1           0  1.83s           2023-10-23T10:17:26
/opt/airflow/dags/second_dag_stub.py                           1           0  1.44s           2023-10-23T10:17:27
================================================================================
[2023-10-23T10:18:16.044+0000] {manager.py:893} INFO - 
================================================================================
DAG File Processing Stats

File Path                             PID    Runtime      # DAGs    # Errors  Last Runtime    Last Run
------------------------------------  -----  ---------  --------  ----------  --------------  -------------------
/opt/airflow/dags/dag.py                                       1           0  0.73s           2023-10-23T10:17:56
/opt/airflow/dags/assgnement_dag.py                            1           0  0.62s           2023-10-23T10:17:57
/opt/airflow/dags/second_dag_stub.py                           1           0  0.58s           2023-10-23T10:17:57
================================================================================
[2023-10-23T10:18:46.619+0000] {manager.py:893} INFO - 
================================================================================
DAG File Processing Stats

File Path                             PID    Runtime      # DAGs    # Errors  Last Runtime    Last Run
------------------------------------  -----  ---------  --------  ----------  --------------  -------------------
/opt/airflow/dags/dag.py                                       1           0  0.59s           2023-10-23T10:18:27
/opt/airflow/dags/assgnement_dag.py                            1           0  0.59s           2023-10-23T10:18:28
/opt/airflow/dags/second_dag_stub.py                           1           0  0.60s           2023-10-23T10:18:28
================================================================================
[2023-10-23T10:19:16.621+0000] {manager.py:893} INFO - 
================================================================================
DAG File Processing Stats

File Path                             PID    Runtime      # DAGs    # Errors  Last Runtime    Last Run
------------------------------------  -----  ---------  --------  ----------  --------------  -------------------
/opt/airflow/dags/dag.py                                       1           0  0.64s           2023-10-23T10:18:58
/opt/airflow/dags/assgnement_dag.py                            1           0  0.66s           2023-10-23T10:18:58
/opt/airflow/dags/second_dag_stub.py                           1           0  0.68s           2023-10-23T10:18:59
================================================================================
[2023-10-23T10:19:47.332+0000] {manager.py:893} INFO - 
================================================================================
DAG File Processing Stats

File Path                             PID    Runtime      # DAGs    # Errors  Last Runtime    Last Run
------------------------------------  -----  ---------  --------  ----------  --------------  -------------------
/opt/airflow/dags/dag.py                                       1           0  0.52s           2023-10-23T10:19:29
/opt/airflow/dags/assgnement_dag.py                            1           0  0.64s           2023-10-23T10:19:29
/opt/airflow/dags/second_dag_stub.py                           1           0  0.52s           2023-10-23T10:19:30
================================================================================
[2023-10-23T10:20:17.683+0000] {manager.py:893} INFO - 
================================================================================
DAG File Processing Stats

File Path                             PID    Runtime      # DAGs    # Errors  Last Runtime    Last Run
------------------------------------  -----  ---------  --------  ----------  --------------  -------------------
/opt/airflow/dags/dag.py                                       1           0  2.58s           2023-10-23T10:20:01
/opt/airflow/dags/assgnement_dag.py                            1           0  1.74s           2023-10-23T10:20:02
/opt/airflow/dags/second_dag_stub.py                           1           0  0.63s           2023-10-23T10:20:02
================================================================================
[2023-10-23T10:20:42.342+0000] {manager.py:759} INFO - Searching for files in /opt/airflow/dags
[2023-10-23T10:20:42.364+0000] {manager.py:762} INFO - There are 4 files in /opt/airflow/dags
[2023-10-23T10:20:47.811+0000] {manager.py:893} INFO - 
================================================================================
DAG File Processing Stats

File Path                             PID    Runtime      # DAGs    # Errors  Last Runtime    Last Run
------------------------------------  -----  ---------  --------  ----------  --------------  -------------------
/opt/airflow/dags/dag.py                                       1           0  0.94s           2023-10-23T10:20:33
/opt/airflow/dags/global.py                                    1           0  1.35s           2023-10-23T10:20:43
/opt/airflow/dags/assgnement_dag.py                            1           0  0.99s           2023-10-23T10:20:33
/opt/airflow/dags/second_dag_stub.py                           1           0  0.49s           2023-10-23T10:20:33
================================================================================
[2023-10-23T10:21:17.843+0000] {manager.py:893} INFO - 
================================================================================
DAG File Processing Stats

File Path                             PID    Runtime      # DAGs    # Errors  Last Runtime    Last Run
------------------------------------  -----  ---------  --------  ----------  --------------  -------------------
/opt/airflow/dags/dag.py                                       1           0  4.28s           2023-10-23T10:21:07
/opt/airflow/dags/global.py                                    1           0  0.58s           2023-10-23T10:21:16
/opt/airflow/dags/assgnement_dag.py                            1           0  4.32s           2023-10-23T10:21:07
/opt/airflow/dags/second_dag_stub.py                           1           0  0.94s           2023-10-23T10:21:08
================================================================================
[2023-10-23T10:21:48.133+0000] {manager.py:893} INFO - 
================================================================================
DAG File Processing Stats

File Path                             PID    Runtime      # DAGs    # Errors  Last Runtime    Last Run
------------------------------------  -----  ---------  --------  ----------  --------------  -------------------
/opt/airflow/dags/dag.py                                       1           0  0.51s           2023-10-23T10:21:38
/opt/airflow/dags/global.py                                    1           0  0.55s           2023-10-23T10:21:48
/opt/airflow/dags/assgnement_dag.py                            1           0  0.55s           2023-10-23T10:21:38
/opt/airflow/dags/second_dag_stub.py                           1           0  1.02s           2023-10-23T10:21:40
================================================================================
[2023-10-23T10:22:18.385+0000] {manager.py:893} INFO - 
================================================================================
DAG File Processing Stats

File Path                               PID  Runtime      # DAGs    # Errors  Last Runtime    Last Run
------------------------------------  -----  ---------  --------  ----------  --------------  -------------------
/opt/airflow/dags/dag.py                                       1           0  0.55s           2023-10-23T10:22:09
/opt/airflow/dags/global.py             398  0.00s             1           0  0.55s           2023-10-23T10:21:48
/opt/airflow/dags/assgnement_dag.py                            1           0  0.60s           2023-10-23T10:22:09
/opt/airflow/dags/second_dag_stub.py                           1           0  0.45s           2023-10-23T10:22:11
================================================================================
[2023-10-23T10:22:48.718+0000] {manager.py:893} INFO - 
================================================================================
DAG File Processing Stats

File Path                             PID    Runtime      # DAGs    # Errors  Last Runtime    Last Run
------------------------------------  -----  ---------  --------  ----------  --------------  -------------------
/opt/airflow/dags/dag.py                                       1           0  0.69s           2023-10-23T10:22:40
/opt/airflow/dags/global.py                                    1           0  0.42s           2023-10-23T10:22:18
/opt/airflow/dags/assgnement_dag.py                            1           0  0.74s           2023-10-23T10:22:40
/opt/airflow/dags/second_dag_stub.py                           1           0  0.40s           2023-10-23T10:22:43
================================================================================
[2023-10-23T10:23:18.935+0000] {manager.py:893} INFO - 
================================================================================
DAG File Processing Stats

File Path                             PID    Runtime      # DAGs    # Errors  Last Runtime    Last Run
------------------------------------  -----  ---------  --------  ----------  --------------  -------------------
/opt/airflow/dags/dag.py                                       1           0  3.98s           2023-10-23T10:23:14
/opt/airflow/dags/global.py                                    1           0  0.98s           2023-10-23T10:22:50
/opt/airflow/dags/assgnement_dag.py                            1           0  4.04s           2023-10-23T10:23:14
/opt/airflow/dags/second_dag_stub.py                           1           0  0.60s           2023-10-23T10:23:15
================================================================================
[2023-10-23T10:23:49.215+0000] {manager.py:893} INFO - 
================================================================================
DAG File Processing Stats

File Path                             PID    Runtime      # DAGs    # Errors  Last Runtime    Last Run
------------------------------------  -----  ---------  --------  ----------  --------------  -------------------
/opt/airflow/dags/dag.py                                       1           0  0.59s           2023-10-23T10:23:45
/opt/airflow/dags/global.py                                    1           0  0.45s           2023-10-23T10:23:20
/opt/airflow/dags/assgnement_dag.py                            1           0  0.68s           2023-10-23T10:23:45
/opt/airflow/dags/second_dag_stub.py                           1           0  0.40s           2023-10-23T10:23:46
================================================================================
